********************************************************************************
DUPLICATOR-LITE PACKAGE-LOG: 23 June 2022 1h45
NOTICE: Do NOT post to public sites or forums 
********************************************************************************
VERSION:	1.4.6
WORDPRESS:	6.0
PHP INFO:	7.3.33 | SAPI: apache2handler
SERVER:		Apache/2.4.51 (Win64) OpenSSL/1.1.1l PHP/7.3.33 
PHP TIME LIMIT: (0) no time limit imposed 
PHP MAX MEMORY: 4294967296 (512M default) 
MEMORY STACK: 8MB

********************************************************************************
DATABASE:
********************************************************************************
BUILD MODE:   MYSQLDUMP
MYSQLTIMEOUT: 5000
MYSQLDUMP:    Is Supported
SQL CREATED: 20220623_escae_bce9baa1b900f8cc4909_20220623014513_database.sql
SQL FILE SIZE: 8.31MB (8717549)
SQL FILE TIME: 2022-06-23 01:45:55
SQL RUNTIME: 10.55 sec.

********************************************************************************
ARCHIVE (ZIP):
********************************************************************************
ARCHIVE DIR:  C:/xampp/htdocs/escae
ARCHIVE FILE: 20220623_escae_bce9baa1b900f8cc4909_20220623014513_archive.zip
FILTERS: *OFF*
DIRS:
	not set
FILES:
	not set
EXTS:  not set
----------------------------------------
COMPRESSING
SIZE:	192.04MB
STATS:	Dirs 1,405 | Files 8,762
SQL ADDED: 20220623_escae_bce9baa1b900f8cc4909_20220623014513_database.sql
ZipArchive Object
(
    [status] => 0
    [statusSys] => 0
    [numFiles] => 10167
    [filename] => C:\xampp\htdocs\escae\wp-content\backups-dup-lite\tmp\20220623_escae_bce9baa1b900f8cc4909_20220623014513_archive.zip
    [comment] => 
)

FILE ADDED TO ZIP: 10166
COMPRESSION RESULT: '1'
COMPRESSED SIZE: 78.42MB
ARCHIVE RUNTIME: 120.51 sec.
MEMORY STACK: 12MB
building installer
add_extra_files1
add_extra_files2
add_extra_files3
add_extra_files4
Doing archive file check
add_extra_files5
add_extra_files6
add_extra_files8
Successfully opened zip C:/xampp/htdocs/escae/wp-content/backups-dup-lite/tmp/20220623_escae_bce9baa1b900f8cc4909_20220623014513_archive.zip
Adding enhanced installer files to archive using ZipArchive
Installer files added to archive
Added to archive
After ziparchive close when adding installer

********************************************************************************
INTEGRITY CHECKS:
********************************************************************************
SQL FILE: 8.31MB
INSTALLER FILE: 64.59KB
ARCHIVE FILE: 79.48MB 
COMPTE ATTENDU DE FICHIERS/RÉPERTOIRES : 10,167
COMPTE ACTUEL DE FICHIERS/RÉPERTOIRES : 10,166
TEST DE COHÉRENCE D’ARCHIVE : Bon

********************************************************************************
RECORD ID:[1]
TOTAL PROCESS RUNTIME: 133.02 sec.
PEAK PHP MEMORY USED: 14MB
DONE PROCESSING => 20220623_escae 23 June 2022 1h47

